<?xml version="1.0" encoding="UTF-8"?>
<testsuite xmlns:xsi="http://www.w3.org/2001/XMLSchema-instance" xsi:noNamespaceSchemaLocation="https://maven.apache.org/surefire/maven-surefire-plugin/xsd/surefire-test-report.xsd" name="p4_group_8_repo.actor.LilypadTest" time="1.307" tests="3" errors="0" skipped="0" failures="0">
  <properties>
[...]
</properties>
  <testcase name="testSetActivated1" classname="p4_group_8_repo.actor.LilypadTest" time="0.492"/>
  <testcase name="testSetActivated2" classname="p4_group_8_repo.actor.LilypadTest" time="0.405"/>
  <testcase name="testSetEnd" classname="p4_group_8_repo.actor.LilypadTest" time="0.41"/>
</testsuite>